c:\users\attacker\desktop\fileencryptordll\fileencryptordll\x64\release\fileencryptordll.pch
c:\users\attacker\desktop\fileencryptordll\fileencryptordll\x64\release\vc143.pdb
c:\users\attacker\desktop\fileencryptordll\fileencryptordll\x64\release\pch.obj
c:\users\attacker\desktop\fileencryptordll\fileencryptordll\x64\release\fileencryptordll.obj
c:\users\attacker\desktop\fileencryptordll\fileencryptordll\x64\release\dllmain.obj
c:\users\attacker\desktop\fileencryptordll\x64\release\fileencryptordll.dll
c:\users\attacker\desktop\fileencryptordll\x64\release\fileencryptordll.pdb
c:\users\attacker\desktop\fileencryptordll\x64\release\fileencryptordll.lib
c:\users\attacker\desktop\fileencryptordll\x64\release\fileencryptordll.exp
c:\users\attacker\desktop\fileencryptordll\fileencryptordll\x64\release\fileencryptordll.ipdb
c:\users\attacker\desktop\fileencryptordll\fileencryptordll\x64\release\fileencryptordll.iobj
c:\users\attacker\desktop\fileencryptordll - copy\fileencryptordll\x64\release\dllmain.obj
c:\users\attacker\desktop\fileencryptordll - copy\fileencryptordll\x64\release\fileencryptordll.obj
c:\users\attacker\desktop\fileencryptordll - copy\fileencryptordll\x64\release\pch.obj
c:\users\attacker\desktop\fileencryptordll - copy\fileencryptordll\x64\release\fileencryptordll.ipdb
c:\users\attacker\desktop\fileencryptordll - copy\fileencryptordll\x64\release\fileencryptordll.iobj
c:\users\attacker\desktop\fileencryptordll - copy\fileencryptordll\x64\release\fileencryptordll.pch
c:\users\attacker\desktop\fileencryptordll - copy\fileencryptordll\x64\release\vc143.pdb
c:\users\attacker\desktop\fileencryptordll - copy\x64\release\fileencryptordll.pdb
c:\users\attacker\desktop\fileencryptordll - copy\x64\release\fileencryptordll.dll
c:\users\attacker\desktop\fileencryptordll - copy\fileencryptordll\x64\release\fileencryptordll.tlog\cl.command.1.tlog
c:\users\attacker\desktop\fileencryptordll - copy\fileencryptordll\x64\release\fileencryptordll.tlog\cl.items.tlog
c:\users\attacker\desktop\fileencryptordll - copy\fileencryptordll\x64\release\fileencryptordll.tlog\cl.read.1.tlog
c:\users\attacker\desktop\fileencryptordll - copy\fileencryptordll\x64\release\fileencryptordll.tlog\cl.write.1.tlog
c:\users\attacker\desktop\fileencryptordll - copy\fileencryptordll\x64\release\fileencryptordll.tlog\link.command.1.tlog
c:\users\attacker\desktop\fileencryptordll - copy\fileencryptordll\x64\release\fileencryptordll.tlog\link.read.1.tlog
c:\users\attacker\desktop\fileencryptordll - copy\fileencryptordll\x64\release\fileencryptordll.tlog\link.secondary.1.tlog
c:\users\attacker\desktop\fileencryptordll - copy\fileencryptordll\x64\release\fileencryptordll.tlog\link.write.1.tlog
